\BOOKMARK [0][-]{CabsPosition.0}{\376\377\116\055\145\207\144\130\211\201}{}% 1
\BOOKMARK [0][-]{EabsPosition.0}{\376\377\202\361\145\207\144\130\211\201}{}% 2
\BOOKMARK [0][-]{tocPosition.0}{\376\377\166\356\137\125}{}% 3
\BOOKMARK [0][-]{abbPosition.0}{\376\377\173\046\123\367\124\214\177\051\165\145\213\355}{}% 4
\BOOKMARK [0][-]{chapter.1}{\376\377\173\054\0001\172\340\000\040\137\025\212\000}{}% 5
\BOOKMARK [1][-]{section.1.1}{\376\377\0001\000.\0001\000\040\147\054\145\207\166\204\116\073\211\201\121\205\133\271}{chapter.1}% 6
\BOOKMARK [1][-]{section.1.2}{\376\377\0001\000.\0002\000\040\171\076\117\032\215\043\116\373\122\006\147\220}{chapter.1}% 7
\BOOKMARK [0][-]{chapter.2}{\376\377\173\054\0002\172\340\000\040\152\041\147\177\166\204\117\177\165\050\145\271\154\325}{}% 8
\BOOKMARK [1][-]{section.2.1}{\376\377\0002\000.\0001\000\040\140\073\166\204\123\237\122\031}{chapter.2}% 9
\BOOKMARK [2][-]{subsection.2.1.1}{\376\377\0002\000.\0001\000.\0001\000\040\134\075\221\317\123\352\117\177\165\050\230\204\133\232\116\111\166\204\143\222\162\110\124\175\116\344}{section.2.1}% 10
\BOOKMARK [2][-]{subsection.2.1.2}{\376\377\0002\000.\0001\000.\0002\000\040\116\146\173\176\124\214\137\025\165\050}{section.2.1}% 11
\BOOKMARK [2][-]{subsection.2.1.3}{\376\377\0002\000.\0001\000.\0003\000\040\201\352\122\250\177\026\123\367}{section.2.1}% 12
\BOOKMARK [1][-]{section.2.2}{\376\377\0002\000.\0002\000\040\126\372\133\232\150\074\137\017}{chapter.2}% 13
\BOOKMARK [2][-]{subsection.2.2.1}{\376\377\0002\000.\0002\000.\0001\000\040\230\165\227\142\060\001\230\165\167\011\123\312\230\165\201\032\213\276\177\156}{section.2.2}% 14
\BOOKMARK [2][-]{subsection.2.2.2}{\376\377\0002\000.\0002\000.\0002\000\040\134\001\227\142\060\001\143\210\147\103\060\001\201\364\214\042\123\312\130\360\146\016\230\165}{section.2.2}% 15
\BOOKMARK [2][-]{subsection.2.2.3}{\376\377\0002\000.\0002\000.\0003\000\040\166\356\137\125}{section.2.2}% 16
\BOOKMARK [2][-]{subsection.2.2.4}{\376\377\0002\000.\0002\000.\0004\000\040\116\146\201\012}{section.2.2}% 17
\BOOKMARK [2][-]{subsection.2.2.5}{\376\377\0002\000.\0002\000.\0005\000\040\143\322\126\376\123\312\226\104\210\150\156\005\123\125}{section.2.2}% 18
\BOOKMARK [1][-]{section.2.3}{\376\377\0002\000.\0003\000\040\121\205\133\271\166\370\121\163\143\222\162\110\124\175\116\344}{chapter.2}% 19
\BOOKMARK [2][-]{subsection.2.3.1}{\376\377\0002\000.\0003\000.\0001\000\040\150\007\230\230}{section.2.3}% 20
\BOOKMARK [2][-]{subsection.2.3.2}{\376\377\0002\000.\0003\000.\0002\000\040\126\376\210\150}{section.2.3}% 21
\BOOKMARK [2][-]{subsection.2.3.3}{\376\377\0002\000.\0003\000.\0003\000\040\123\302\200\003\145\207\163\056}{section.2.3}% 22
\BOOKMARK [2][-]{subsection.2.3.4}{\376\377\0002\000.\0003\000.\0004\000\040\201\032\154\350}{section.2.3}% 23
\BOOKMARK [2][-]{subsection.2.3.5}{\376\377\0002\000.\0003\000.\0005\000\040\122\027\210\150}{section.2.3}% 24
\BOOKMARK [2][-]{subsection.2.3.6}{\376\377\0002\000.\0003\000.\0006\000\040\121\154\137\017}{section.2.3}% 25
\BOOKMARK [1][-]{section.2.4}{\376\377\0002\000.\0004\000\040\000T\000e\000X\174\373\176\337\123\321\210\114\162\110\166\204\133\211\210\305}{chapter.2}% 26
\BOOKMARK [0][-]{chapter.3}{\376\377\173\054\0003\172\340\000\040\143\222\162\110\124\175\116\344\213\364\146\016}{}% 27
\BOOKMARK [1][-]{section.3.1}{\376\377\0003\000.\0001\000\040\000L\000a\000T\000e\000X\127\372\170\100}{chapter.3}% 28
\BOOKMARK [1][-]{section.3.2}{\376\377\0003\000.\0002\000\040\126\372\133\232\150\067\137\017}{chapter.3}% 29
\BOOKMARK [1][-]{section.3.3}{\376\377\0003\000.\0003\000\040\143\222\162\110\124\175\116\344}{chapter.3}% 30
\BOOKMARK [2][-]{subsection.3.3.1}{\376\377\0003\000.\0003\000.\0001\000\040\150\007\230\230\166\370\121\163}{section.3.3}% 31
\BOOKMARK [2][-]{subsection.3.3.2}{\376\377\0003\000.\0003\000.\0002\000\040\173\046\123\367\124\214\177\051\165\145\213\355\122\027\210\150}{section.3.3}% 32
\BOOKMARK [2][-]{subsection.3.3.3}{\376\377\0003\000.\0003\000.\0003\000\040\143\322\121\145\126\376\162\107}{section.3.3}% 33
\BOOKMARK [2][-]{subsection.3.3.4}{\376\377\0003\000.\0003\000.\0004\000\040\143\322\121\145\210\150\150\074}{section.3.3}% 34
\BOOKMARK [2][-]{subsection.3.3.5}{\376\377\0003\000.\0003\000.\0005\000\040\143\322\121\145\121\154\137\017}{section.3.3}% 35
\BOOKMARK [2][-]{subsection.3.3.6}{\376\377\0003\000.\0003\000.\0006\000\040\123\302\200\003\145\207\163\056}{section.3.3}% 36
\BOOKMARK [2][-]{subsection.3.3.7}{\376\377\0003\000.\0003\000.\0007\000\040\121\205\133\271\122\006\226\224\166\370\121\163}{section.3.3}% 37
\BOOKMARK [0][-]{chapter.4}{\376\377\173\054\0004\172\340\000\040\116\000\116\233\121\231\117\134\142\200\135\347}{}% 38
\BOOKMARK [0][-]{chapter.5}{\376\377\173\054\0005\172\340\000\040\140\073\213\272\116\016\134\125\147\033}{}% 39
\BOOKMARK [1][-]{section.5.1}{\376\377\0005\000.\0001\000\040\146\364\145\260\145\345\137\327}{chapter.5}% 40
\BOOKMARK [0][-]{chapter.6}{\376\377\226\104\137\125\000A\000\040\131\026\145\207\215\104\145\231\166\204\214\003\170\024\142\245\124\112\377\010\142\026\116\146\227\142\177\373\213\321\377\011}{}% 41
\BOOKMARK [0][-]{chapter.7}{\376\377\226\104\137\125\000B\000\040\156\005\123\116\131\047\133\146\176\374\124\010\213\272\145\207\213\255\176\303\121\231\117\134\211\304\203\003\377\010\213\325\210\114\377\011}{}% 42
\BOOKMARK [1][-]{section.7.1}{\376\377\000B\000.\0001\000\040\213\272\145\207\176\304\142\020\220\350\122\006\123\312\230\172\136\217}{chapter.7}% 43
\BOOKMARK [1][-]{section.7.2}{\376\377\000B\000.\0002\000\040\213\272\145\207\150\074\137\017\211\201\154\102}{chapter.7}% 44
\BOOKMARK [1][-]{section.7.3}{\376\377\000B\000.\0003\000\040\152\041\147\177\123\312\166\370\121\163\213\364\146\016}{chapter.7}% 45
\BOOKMARK [0][-]{chapter.8}{\376\377\226\104\137\125\000C\000\040\121\163\116\216\152\041\147\177\166\204\116\000\116\233\213\364\146\016}{}% 46
\BOOKMARK [1][-]{section.8.1}{\376\377\000C\000.\0001\000\040\121\150\145\207\150\106\147\266}{chapter.8}% 47
\BOOKMARK [1][-]{section.8.2}{\376\377\000C\000.\0002\000\040\123\302\200\003\145\207\163\056\136\223\213\364\146\016}{chapter.8}% 48
\BOOKMARK [1][-]{section.8.3}{\376\377\000C\000.\0003\000\040\116\015\131\037\117\030\226\305\166\204\000d\000i\000r\000t\000y\000\040\000t\000r\000i\000c\000k}{chapter.8}% 49
\BOOKMARK [0][-]{chapter.9}{\376\377\201\364\000\040\214\042\000\040}{}% 50
\BOOKMARK [0][-]{chapter.10}{\376\377\130\360\000\040\146\016\000\040}{}% 51
\BOOKMARK [0][-]{chapter.11}{\376\377\127\050\133\146\147\037\225\364\000\040\123\302\122\240\213\376\230\230\166\204\170\024\172\166\142\020\147\234}{}% 52
